<?xml version="1.0" encoding="UTF-8"?>
<beans xmlns="http://www.springframework.org/schema/beans"
       xmlns:context="http://www.springframework.org/schema/context"
       xmlns:xsi="http://www.w3.org/2001/XMLSchema-instance"
       xmlns:aop="http://www.springframework.org/schema/aop"
       xsi:schemaLocation="
           http://www.springframework.org/schema/context http://www.springframework.org/schema/context/spring-context.xsd
           http://www.springframework.org/schema/aop http://www.springframework.org/schema/aop/spring-aop.xsd
           http://www.springframework.org/schema/beans http://www.springframework.org/schema/beans/spring-beans.xsd
       ">
    <bean id="service" class="com.mobenga.health.monitor.impl.LogModuleServiceImpl"
          init-method="startService" destroy-method="stopService" scope="singleton">
    </bean>

    <bean id="serviceRunner" class="java.util.concurrent.Executors" factory-method="newFixedThreadPool">
        <constructor-arg value="2"/>
    </bean>
    <bean id="notifier" class="org.mockito.Mockito" factory-method="mock">
        <constructor-arg value="com.mobenga.health.monitor.ModuleStateNotificationService" />
    </bean>
    <bean id="storage" class="org.mockito.Mockito" factory-method="mock">
        <constructor-arg value="com.mobenga.health.storage.MonitoredActionStorage" />
    </bean>
    <bean id="moduleStorage" class="org.mockito.Mockito" factory-method="mock">
        <constructor-arg value="com.mobenga.health.storage.ModuleOutputStorage" />
    </bean>
</beans>