<?xml version="1.0" encoding="UTF-8"?>
<beans xmlns="http://www.springframework.org/schema/beans"
       xmlns:xsi="http://www.w3.org/2001/XMLSchema-instance"
       xsi:schemaLocation="http://www.springframework.org/schema/beans http://www.springframework.org/schema/beans/spring-beans.xsd">

    <bean id="sharedCacheMap" class="java.util.LinkedHashMap" scope="singleton"/>

    <bean id="service" class="com.mobenga.health.monitor.impl.ModuleConfigurationServiceImpl">
        <property name="sharedCache" ref="sharedCacheMap" />
    </bean>

    <bean id="storage" class="org.mockito.Mockito" factory-method="mock">
        <constructor-arg value="com.mobenga.health.storage.ConfigurationStorage" />
    </bean>
    <bean id="moduleStorage" class="org.mockito.Mockito" factory-method="mock">
        <constructor-arg value="com.mobenga.health.storage.HealthModuleStorage" />
    </bean>
    <bean id="notifier" class="org.mockito.Mockito" factory-method="mock">
        <constructor-arg value="com.mobenga.health.monitor.ModuleStateNotificationService" />
    </bean>
    <bean id="hazecast" class="org.mockito.Mockito" factory-method="mock">
        <constructor-arg value="com.hazelcast.core.HazelcastInstance" />
    </bean>
    <bean id="module" class="org.mockito.Mockito" factory-method="mock">
        <constructor-arg value="com.mobenga.health.model.HealthItemPK" />
    </bean>
</beans>