<?xml version="1.0" encoding="UTF-8"?>
<beans xmlns="http://www.springframework.org/schema/beans"
       xmlns:xsi="http://www.w3.org/2001/XMLSchema-instance"
       xsi:schemaLocation="http://www.springframework.org/schema/beans http://www.springframework.org/schema/beans/spring-beans.xsd">
    <bean id="service" class="com.mobenga.health.monitor.impl.ModuleStateNotificationServiceImpl" depends-on="logService">
        <property name="heartbeatDelay" value="10"/>
    </bean>
    <bean id="actionService" class="com.mobenga.health.monitor.impl.ModuleActionMonitorServiceImpl"/>

    <bean id="logService" class="com.mobenga.health.monitor.impl.LogModuleServiceImpl"
          destroy-method="stopService" scope="singleton">
    </bean>


    <bean id="serviceRunner" class="java.util.concurrent.Executors" factory-method="newFixedThreadPool">
        <constructor-arg value="4"/>
    </bean>

    <bean id="moduleConfigurationService" class="org.mockito.Mockito" factory-method="mock">
        <constructor-arg value="com.mobenga.health.monitor.ModuleConfigurationService"/>
    </bean>
    <bean id="configStorage" class="org.mockito.Mockito" factory-method="mock">
        <constructor-arg value="com.mobenga.health.storage.ConfigurationStorage"/>
    </bean>
    <bean id="heartbeatStorage" class="org.mockito.Mockito" factory-method="mock">
        <constructor-arg value="com.mobenga.health.storage.HeartBeatStorage"/>
    </bean>
</beans>